
 Hello World -- MMM 

iter = 0
iter = 1
iter = 2
iter = 3
iter = 4
iter = 5
iter = 6
iter = 7
iter = 8
iter = 9
iter = 10
iter = 11
iter = 12
iter = 13
iter = 14
iter = 15
iter = 16
iter = 17
iter = 18
iter = 19
iter = 0
iter = 1
iter = 2
iter = 3
iter = 4
iter = 5
iter = 6
iter = 7
iter = 8
iter = 9
iter = 10
iter = 11
iter = 12
iter = 13
iter = 14
iter = 15
iter = 16
iter = 17
iter = 18
iter = 19
iter = 0
iter = 1
iter = 2
iter = 3
iter = 4
iter = 5
iter = 6
iter = 7
iter = 8
iter = 9
iter = 10
iter = 11
iter = 12
iter = 13
iter = 14
iter = 15
iter = 16
iter = 17
iter = 18
iter = 19
length, N^3, ijk, kij, jki
25, 15625, 30146, 32354, 29980
50, 125000, 192732, 230928, 199272
75, 421875, 698170, 765899, 759892
100, 1000000, 1589367, 1775698, 1693257
125, 1953125, 3160164, 3454503, 3387358
150, 3375000, 5367187, 6144134, 5958519
175, 5359375, 8537885, 9686289, 9936427
200, 8000000, 13086018, 14351157, 15403719
225, 11390625, 18325590, 21170518, 21446579
250, 15625000, 24120855, 28061880, 30310657
275, 20796875, 33254331, 37971279, 117070163
300, 27000000, 41323965, 48424245, 215092930
325, 34328125, 55183570, 63900827, 299795599
350, 42875000, 69332069, 78438606, 393533291
375, 52734375, 136336491, 97971030, 488286373
400, 64000000, 281424965, 114043949, 609122133
425, 76765625, 396844462, 151086798, 805302455
450, 91125000, 501507022, 168506243, 1006279031
475, 107171875, 613493524, 208198572, 1239559191
500, 125000000, 755096008, 258003118, 1504030412
